Using pre-set license
Built from '2022.3/staging' branch; Version is '2022.3.44f1 (c3ae09b9f03c) revision 12824073'; Using compiler version '192829333'; Build Type 'Release'
OS: 'Windows 10  (10.0.19045) 64bit Core' Language: 'en' Physical Memory: 32630 MB
BatchMode: 1, IsHumanControllingUs: 0, StartBugReporterOnCrash: 0, Is64bit: 1, IsPro: 1

COMMAND LINE ARGUMENTS:
C:\Program Files\Unity\Hub\Editor\2022.3.44f1\Editor\Unity.exe
-adb2
-batchMode
-noUpm
-name
AssetImportWorker0
-projectPath
D:/Unity Projects/UPY2M2 HorrorPuzzle/Y2M2-HorrorPuzzle
-logFile
Logs/AssetImportWorker0.log
-srvPort
57114
Successfully changed project path to: D:/Unity Projects/UPY2M2 HorrorPuzzle/Y2M2-HorrorPuzzle
D:/Unity Projects/UPY2M2 HorrorPuzzle/Y2M2-HorrorPuzzle
[UnityMemory] Configuration Parameters - Can be set up in boot.config
    "memorysetup-bucket-allocator-granularity=16"
    "memorysetup-bucket-allocator-bucket-count=8"
    "memorysetup-bucket-allocator-block-size=33554432"
    "memorysetup-bucket-allocator-block-count=8"
    "memorysetup-main-allocator-block-size=16777216"
    "memorysetup-thread-allocator-block-size=16777216"
    "memorysetup-gfx-main-allocator-block-size=16777216"
    "memorysetup-gfx-thread-allocator-block-size=16777216"
    "memorysetup-cache-allocator-block-size=4194304"
    "memorysetup-typetree-allocator-block-size=2097152"
    "memorysetup-profiler-bucket-allocator-granularity=16"
    "memorysetup-profiler-bucket-allocator-bucket-count=8"
    "memorysetup-profiler-bucket-allocator-block-size=33554432"
    "memorysetup-profiler-bucket-allocator-block-count=8"
    "memorysetup-profiler-allocator-block-size=16777216"
    "memorysetup-profiler-editor-allocator-block-size=1048576"
    "memorysetup-temp-allocator-size-main=16777216"
    "memorysetup-job-temp-allocator-block-size=2097152"
    "memorysetup-job-temp-allocator-block-size-background=1048576"
    "memorysetup-job-temp-allocator-reduction-small-platforms=262144"
    "memorysetup-allocator-temp-initial-block-size-main=262144"
    "memorysetup-allocator-temp-initial-block-size-worker=262144"
    "memorysetup-temp-allocator-size-background-worker=32768"
    "memorysetup-temp-allocator-size-job-worker=262144"
    "memorysetup-temp-allocator-size-preload-manager=33554432"
    "memorysetup-temp-allocator-size-nav-mesh-worker=65536"
    "memorysetup-temp-allocator-size-audio-worker=65536"
    "memorysetup-temp-allocator-size-cloud-worker=32768"
    "memorysetup-temp-allocator-size-gi-baking-worker=262144"
    "memorysetup-temp-allocator-size-gfx=262144"
Player connection [11268]  Target information:

Player connection [11268]  * "[IP] 192.168.0.82 [Port] 0 [Flags] 2 [Guid] 1052968568 [EditorId] 1052968568 [Version] 1048832 [Id] WindowsEditor(7,DESKTOP-1M3MQ4E) [Debug] 1 [PackageName] WindowsEditor [ProjectName] Editor" 

Player connection [11268] Host joined multi-casting on [225.0.0.222:54997]...
Player connection [11268] Host joined alternative multi-casting on [225.0.0.222:34997]...
[PhysX] Initialized MultithreadedTaskDispatcher with 6 workers.
Refreshing native plugins compatible for Editor in 10.66 ms, found 3 plugins.
Preloading 0 native plugins for Editor in 0.00 ms.
Initialize engine version: 2022.3.44f1 (c3ae09b9f03c)
[Subsystems] Discovering subsystems at path C:/Program Files/Unity/Hub/Editor/2022.3.44f1/Editor/Data/Resources/UnitySubsystems
[Subsystems] Discovering subsystems at path D:/Unity Projects/UPY2M2 HorrorPuzzle/Y2M2-HorrorPuzzle/Assets
GfxDevice: creating device client; threaded=0; jobified=0
Direct3D:
    Version:  Direct3D 11.0 [level 11.1]
    Renderer: NVIDIA GeForce GTX 1660 SUPER (ID=0x21c4)
    Vendor:   NVIDIA
    VRAM:     5966 MB
    Driver:   32.0.15.6109
Initialize mono
Mono path[0] = 'C:/Program Files/Unity/Hub/Editor/2022.3.44f1/Editor/Data/Managed'
Mono path[1] = 'C:/Program Files/Unity/Hub/Editor/2022.3.44f1/Editor/Data/MonoBleedingEdge/lib/mono/unityjit-win32'
Mono config path = 'C:/Program Files/Unity/Hub/Editor/2022.3.44f1/Editor/Data/MonoBleedingEdge/etc'
Using monoOptions --debugger-agent=transport=dt_socket,embedding=1,server=y,suspend=n,address=127.0.0.1:56088
Begin MonoManager ReloadAssembly
Registering precompiled unity dll's ...
Register platform support module: C:/Program Files/Unity/Hub/Editor/2022.3.44f1/Editor/Data/PlaybackEngines/WebGLSupport/UnityEditor.WebGL.Extensions.dll
Register platform support module: C:/Program Files/Unity/Hub/Editor/2022.3.44f1/Editor/Data/PlaybackEngines/WindowsStandaloneSupport/UnityEditor.WindowsStandalone.Extensions.dll
Register platform support module: C:/Program Files/Unity/Hub/Editor/2022.3.44f1/Editor/Data/PlaybackEngines/MetroSupport/UnityEditor.UWP.Extensions.dll
Registered in 0.022247 seconds.
- Loaded All Assemblies, in  0.962 seconds
Native extension for UWP target not found
Native extension for WindowsStandalone target not found
Native extension for WebGL target not found
Mono: successfully reloaded assembly
- Finished resetting the current domain, in  0.463 seconds
Domain Reload Profiling: 1418ms
	BeginReloadAssembly (212ms)
		ExecutionOrderSort (0ms)
		DisableScriptedObjects (0ms)
		BackupInstance (0ms)
		ReleaseScriptingObjects (0ms)
		CreateAndSetChildDomain (1ms)
	RebuildCommonClasses (301ms)
	RebuildNativeTypeToScriptingClass (77ms)
	initialDomainReloadingComplete (147ms)
	LoadAllAssembliesAndSetupDomain (214ms)
		LoadAssemblies (212ms)
		RebuildTransferFunctionScriptingTraits (0ms)
		AnalyzeDomain (209ms)
			TypeCache.Refresh (208ms)
				TypeCache.ScanAssembly (189ms)
			ScanForSourceGeneratedMonoScriptInfo (0ms)
			ResolveRequiredComponents (1ms)
	FinalizeReload (467ms)
		ReleaseScriptCaches (0ms)
		RebuildScriptCaches (0ms)
		SetupLoadedEditorAssemblies (368ms)
			LogAssemblyErrors (0ms)
			InitializePlatformSupportModulesInManaged (19ms)
			SetLoadedEditorAssemblies (7ms)
			RefreshPlugins (0ms)
			BeforeProcessingInitializeOnLoad (2ms)
			ProcessInitializeOnLoadAttributes (209ms)
			ProcessInitializeOnLoadMethodAttributes (132ms)
			AfterProcessingInitializeOnLoad (0ms)
			EditorAssembliesLoaded (0ms)
		ExecutionOrderSort2 (0ms)
		AwakeInstancesAfterBackupRestoration (0ms)
========================================================================
Worker process is ready to serve import requests
Caller must complete domain reload
Begin MonoManager ReloadAssembly
- Loaded All Assemblies, in  0.818 seconds
OnLevelWasLoaded was found on GameManager
This message has been deprecated and will be removed in a later version of Unity.
Add a delegate to SceneManager.sceneLoaded instead to get notifications after scene loading has completed
Native extension for UWP target not found
Native extension for WindowsStandalone target not found
Native extension for WebGL target not found
Package Manager log level set to [2]
[Package Manager] Server::EnsureServerProcessIsRunning -- launch failed, reason: Unity was launched with the -noUpm command-line argument
[Package Manager] UpmClient::Send -- Unable to send message (not connected to UPM process).
[Package Manager] Cannot connect to Unity Package Manager local server
Mono: successfully reloaded assembly
- Finished resetting the current domain, in  0.939 seconds
Domain Reload Profiling: 1753ms
	BeginReloadAssembly (189ms)
		ExecutionOrderSort (0ms)
		DisableScriptedObjects (7ms)
		BackupInstance (0ms)
		ReleaseScriptingObjects (0ms)
		CreateAndSetChildDomain (25ms)
	RebuildCommonClasses (46ms)
	RebuildNativeTypeToScriptingClass (13ms)
	initialDomainReloadingComplete (52ms)
	LoadAllAssembliesAndSetupDomain (513ms)
		LoadAssemblies (380ms)
		RebuildTransferFunctionScriptingTraits (0ms)
		AnalyzeDomain (250ms)
			TypeCache.Refresh (219ms)
				TypeCache.ScanAssembly (203ms)
			ScanForSourceGeneratedMonoScriptInfo (19ms)
			ResolveRequiredComponents (10ms)
	FinalizeReload (940ms)
		ReleaseScriptCaches (0ms)
		RebuildScriptCaches (0ms)
		SetupLoadedEditorAssemblies (766ms)
			LogAssemblyErrors (0ms)
			InitializePlatformSupportModulesInManaged (14ms)
			SetLoadedEditorAssemblies (4ms)
			RefreshPlugins (0ms)
			BeforeProcessingInitializeOnLoad (71ms)
			ProcessInitializeOnLoadAttributes (641ms)
			ProcessInitializeOnLoadMethodAttributes (23ms)
			AfterProcessingInitializeOnLoad (12ms)
			EditorAssembliesLoaded (0ms)
		ExecutionOrderSort2 (0ms)
		AwakeInstancesAfterBackupRestoration (8ms)
Launched and connected shader compiler UnityShaderCompiler.exe after 0.05 seconds
Refreshing native plugins compatible for Editor in 3.72 ms, found 3 plugins.
Preloading 0 native plugins for Editor in 0.00 ms.
Unloading 3132 Unused Serialized files (Serialized files now loaded: 0)
Unloading 19 unused Assets / (55.1 KB). Loaded Objects now: 3617.
Memory consumption went from 133.0 MB to 132.9 MB.
Total: 3.469000 ms (FindLiveObjects: 0.216400 ms CreateObjectMapping: 0.193100 ms MarkObjects: 2.969400 ms  DeleteObjects: 0.089400 ms)

AssetImportParameters requested are different than current active one (requested -> active):
  custom:container-demuxer-ogg: 62fdf1f143b41e24485cea50d1cbac27 -> 
  custom:video-codec-MediaFoundation-h265: 746d11721c4dcdbdad8f713fa42b33f4 -> 
  custom:video-decoder-ogg-theora: a1e56fd34408186e4bbccfd4996cb3dc -> 
  custom:framework-win-MediaFoundation: 216162199b28c13a410421893ffa2e32 -> 
  custom:CustomObjectIndexerAttribute: 9a22284fe3817be447336de3de66b15e -> 
  custom:container-demuxer-webm: 4f35f7cbe854078d1ac9338744f61a02 -> 
  custom:container-muxer-webm: aa71ff27fc2769a1b78a27578f13a17b -> 
  custom:video-decoder-webm-vp8: 9c59270c3fd7afecdb556c50c9e8de78 -> 
  custom:SearchIndexIgnoredProperties: e643bd26f0fe6173181afceb89e7c659 -> 
  custom:AudioImporter_EditorPlatform: d09bf68614088b80899f8185d706f6e7 -> 
  custom:video-encoder-webm-vp8: eb34c28f22e8b96e1ab97ce403110664 -> 
  custom:audio-decoder-ogg-vorbis: bf7c407c2cedff20999df2af8eb42d56 -> 
  custom:audio-encoder-webm-vorbis: bf7c407c2cedff20999df2af8eb42d56 -> 
========================================================================
Received Import Request.
  Time since last request: 312922.378853 seconds.
  path: Assets/Resources/Prefabs/UI/Inventory Slot Container.prefab
  artifactKey: Guid(654c5ca92a69ace4986a634b07e28638) Importer(815301076,1909f56bfc062723c751e8b465ee728b)
Start importing Assets/Resources/Prefabs/UI/Inventory Slot Container.prefab using Guid(654c5ca92a69ace4986a634b07e28638) Importer(815301076,1909f56bfc062723c751e8b465ee728b) [PhysX] Initialized MultithreadedTaskDispatcher with 6 workers.
 -> (artifact id: '535463b46a5456a100449e87112990d7') in 0.078570 seconds
Number of updated asset objects reloaded before import = 0
Number of asset objects unloaded after import = 35
========================================================================
Received Import Request.
  Time since last request: 55.312952 seconds.
  path: Assets/Resources/Prefabs/Core/GameManager.prefab
  artifactKey: Guid(fbc35e8a528367246bb0ff7587352555) Importer(815301076,1909f56bfc062723c751e8b465ee728b)
Start importing Assets/Resources/Prefabs/Core/GameManager.prefab using Guid(fbc35e8a528367246bb0ff7587352555) Importer(815301076,1909f56bfc062723c751e8b465ee728b) [PhysX] Initialized MultithreadedTaskDispatcher with 6 workers.
 -> (artifact id: '7daa2d559f7469ae9c9c2998b384e941') in 0.061675 seconds
Number of updated asset objects reloaded before import = 0
Number of asset objects unloaded after import = 1078
========================================================================
Received Import Request.
  Time since last request: 6.016816 seconds.
  path: Assets/Resources/Prefabs/Core/GameManager.prefab
  artifactKey: Guid(fbc35e8a528367246bb0ff7587352555) Importer(815301076,1909f56bfc062723c751e8b465ee728b)
Start importing Assets/Resources/Prefabs/Core/GameManager.prefab using Guid(fbc35e8a528367246bb0ff7587352555) Importer(815301076,1909f56bfc062723c751e8b465ee728b) [PhysX] Initialized MultithreadedTaskDispatcher with 6 workers.
 -> (artifact id: '7da37c0e531a9c490534dfc08390cdbe') in 0.047290 seconds
Number of updated asset objects reloaded before import = 0
Number of asset objects unloaded after import = 1080
========================================================================
Received Import Request.
  Time since last request: 14.327518 seconds.
  path: Assets/Resources/Prefabs/Core/GameManager.prefab
  artifactKey: Guid(fbc35e8a528367246bb0ff7587352555) Importer(815301076,1909f56bfc062723c751e8b465ee728b)
Start importing Assets/Resources/Prefabs/Core/GameManager.prefab using Guid(fbc35e8a528367246bb0ff7587352555) Importer(815301076,1909f56bfc062723c751e8b465ee728b) [PhysX] Initialized MultithreadedTaskDispatcher with 6 workers.
 -> (artifact id: 'be372018887d43c1b371e9fecbdddade') in 0.044777 seconds
Number of updated asset objects reloaded before import = 0
Number of asset objects unloaded after import = 1080
========================================================================
Received Import Request.
  Time since last request: 8.452439 seconds.
  path: Assets/Resources/Prefabs/Core/GameManager.prefab
  artifactKey: Guid(fbc35e8a528367246bb0ff7587352555) Importer(815301076,1909f56bfc062723c751e8b465ee728b)
Start importing Assets/Resources/Prefabs/Core/GameManager.prefab using Guid(fbc35e8a528367246bb0ff7587352555) Importer(815301076,1909f56bfc062723c751e8b465ee728b) [PhysX] Initialized MultithreadedTaskDispatcher with 6 workers.
 -> (artifact id: '9bd78441f744a0ead47540ca538ae7a1') in 0.048667 seconds
Number of updated asset objects reloaded before import = 0
Number of asset objects unloaded after import = 1080
========================================================================
Received Import Request.
  Time since last request: 3.592573 seconds.
  path: Assets/Resources/Prefabs/Core/GameManager.prefab
  artifactKey: Guid(fbc35e8a528367246bb0ff7587352555) Importer(815301076,1909f56bfc062723c751e8b465ee728b)
Start importing Assets/Resources/Prefabs/Core/GameManager.prefab using Guid(fbc35e8a528367246bb0ff7587352555) Importer(815301076,1909f56bfc062723c751e8b465ee728b) [PhysX] Initialized MultithreadedTaskDispatcher with 6 workers.
 -> (artifact id: 'b272b5b13ffb2e14c392ad3aad025f2e') in 0.048489 seconds
Number of updated asset objects reloaded before import = 0
Number of asset objects unloaded after import = 1080
========================================================================
Received Import Request.
  Time since last request: 8.720458 seconds.
  path: Assets/Resources/Prefabs/Core/GameManager.prefab
  artifactKey: Guid(fbc35e8a528367246bb0ff7587352555) Importer(815301076,1909f56bfc062723c751e8b465ee728b)
Start importing Assets/Resources/Prefabs/Core/GameManager.prefab using Guid(fbc35e8a528367246bb0ff7587352555) Importer(815301076,1909f56bfc062723c751e8b465ee728b) [PhysX] Initialized MultithreadedTaskDispatcher with 6 workers.
 -> (artifact id: '033325849af041fa654e6c465df067a8') in 0.047857 seconds
Number of updated asset objects reloaded before import = 0
Number of asset objects unloaded after import = 1080
========================================================================
Received Import Request.
  Time since last request: 11.336378 seconds.
  path: Assets/Resources/Prefabs/Core/GameManager.prefab
  artifactKey: Guid(fbc35e8a528367246bb0ff7587352555) Importer(815301076,1909f56bfc062723c751e8b465ee728b)
Start importing Assets/Resources/Prefabs/Core/GameManager.prefab using Guid(fbc35e8a528367246bb0ff7587352555) Importer(815301076,1909f56bfc062723c751e8b465ee728b) [PhysX] Initialized MultithreadedTaskDispatcher with 6 workers.
 -> (artifact id: '1b068f452619f031a4737f264b84d927') in 0.042691 seconds
Number of updated asset objects reloaded before import = 0
Number of asset objects unloaded after import = 1084
========================================================================
Received Import Request.
  Time since last request: 6.415038 seconds.
  path: Assets/Resources/Prefabs/Core/GameManager.prefab
  artifactKey: Guid(fbc35e8a528367246bb0ff7587352555) Importer(815301076,1909f56bfc062723c751e8b465ee728b)
Start importing Assets/Resources/Prefabs/Core/GameManager.prefab using Guid(fbc35e8a528367246bb0ff7587352555) Importer(815301076,1909f56bfc062723c751e8b465ee728b) [PhysX] Initialized MultithreadedTaskDispatcher with 6 workers.
 -> (artifact id: '80ce85ab647dcbeb43e12dd706c34ba3') in 0.043457 seconds
Number of updated asset objects reloaded before import = 0
Number of asset objects unloaded after import = 1084
========================================================================
Received Import Request.
  Time since last request: 1.199621 seconds.
  path: Assets/Resources/Prefabs/Core/GameManager.prefab
  artifactKey: Guid(fbc35e8a528367246bb0ff7587352555) Importer(815301076,1909f56bfc062723c751e8b465ee728b)
Start importing Assets/Resources/Prefabs/Core/GameManager.prefab using Guid(fbc35e8a528367246bb0ff7587352555) Importer(815301076,1909f56bfc062723c751e8b465ee728b) [PhysX] Initialized MultithreadedTaskDispatcher with 6 workers.
 -> (artifact id: '1934ef2750c97044c631220d40837aae') in 0.046162 seconds
Number of updated asset objects reloaded before import = 0
Number of asset objects unloaded after import = 1084
========================================================================
Received Import Request.
  Time since last request: 3.208205 seconds.
  path: Assets/Resources/Prefabs/Core/GameManager.prefab
  artifactKey: Guid(fbc35e8a528367246bb0ff7587352555) Importer(815301076,1909f56bfc062723c751e8b465ee728b)
Start importing Assets/Resources/Prefabs/Core/GameManager.prefab using Guid(fbc35e8a528367246bb0ff7587352555) Importer(815301076,1909f56bfc062723c751e8b465ee728b) [PhysX] Initialized MultithreadedTaskDispatcher with 6 workers.
 -> (artifact id: '60bc0d57f5386c52377dab20c004ddbb') in 0.043893 seconds
Number of updated asset objects reloaded before import = 0
Number of asset objects unloaded after import = 1084
========================================================================
Received Import Request.
  Time since last request: 9.882781 seconds.
  path: Assets/Resources/Prefabs/Core/GameManager.prefab
  artifactKey: Guid(fbc35e8a528367246bb0ff7587352555) Importer(815301076,1909f56bfc062723c751e8b465ee728b)
Start importing Assets/Resources/Prefabs/Core/GameManager.prefab using Guid(fbc35e8a528367246bb0ff7587352555) Importer(815301076,1909f56bfc062723c751e8b465ee728b) [PhysX] Initialized MultithreadedTaskDispatcher with 6 workers.
 -> (artifact id: '70d4a16f15e72a9ad8dea6b7efd8bd88') in 0.043955 seconds
Number of updated asset objects reloaded before import = 0
Number of asset objects unloaded after import = 1084
========================================================================
Received Import Request.
  Time since last request: 20.709112 seconds.
  path: Assets/Resources/Prefabs/Core/GameManager.prefab
  artifactKey: Guid(fbc35e8a528367246bb0ff7587352555) Importer(815301076,1909f56bfc062723c751e8b465ee728b)
Start importing Assets/Resources/Prefabs/Core/GameManager.prefab using Guid(fbc35e8a528367246bb0ff7587352555) Importer(815301076,1909f56bfc062723c751e8b465ee728b) [PhysX] Initialized MultithreadedTaskDispatcher with 6 workers.
 -> (artifact id: 'd08703a4de1f083a3ef67b5830e911d6') in 0.045788 seconds
Number of updated asset objects reloaded before import = 0
Number of asset objects unloaded after import = 1093
========================================================================
Received Import Request.
  Time since last request: 3.393178 seconds.
  path: Assets/Resources/Prefabs/Core/GameManager.prefab
  artifactKey: Guid(fbc35e8a528367246bb0ff7587352555) Importer(815301076,1909f56bfc062723c751e8b465ee728b)
Start importing Assets/Resources/Prefabs/Core/GameManager.prefab using Guid(fbc35e8a528367246bb0ff7587352555) Importer(815301076,1909f56bfc062723c751e8b465ee728b) [PhysX] Initialized MultithreadedTaskDispatcher with 6 workers.
 -> (artifact id: '0c3459c93097d5db868bca11fe25a22e') in 0.045395 seconds
Number of updated asset objects reloaded before import = 0
Number of asset objects unloaded after import = 1093
========================================================================
Received Import Request.
  Time since last request: 4.605449 seconds.
  path: Assets/Resources/Prefabs/Core/GameManager.prefab
  artifactKey: Guid(fbc35e8a528367246bb0ff7587352555) Importer(815301076,1909f56bfc062723c751e8b465ee728b)
Start importing Assets/Resources/Prefabs/Core/GameManager.prefab using Guid(fbc35e8a528367246bb0ff7587352555) Importer(815301076,1909f56bfc062723c751e8b465ee728b) [PhysX] Initialized MultithreadedTaskDispatcher with 6 workers.
 -> (artifact id: '90bec47554cfcaf9e6d36a29c4949beb') in 0.050426 seconds
Number of updated asset objects reloaded before import = 0
Number of asset objects unloaded after import = 1093
========================================================================
Received Import Request.
  Time since last request: 12.291900 seconds.
  path: Assets/Resources/Prefabs/Core/GameManager.prefab
  artifactKey: Guid(fbc35e8a528367246bb0ff7587352555) Importer(815301076,1909f56bfc062723c751e8b465ee728b)
Start importing Assets/Resources/Prefabs/Core/GameManager.prefab using Guid(fbc35e8a528367246bb0ff7587352555) Importer(815301076,1909f56bfc062723c751e8b465ee728b) [PhysX] Initialized MultithreadedTaskDispatcher with 6 workers.
 -> (artifact id: 'a4d98965929f056065cfc9671be3e04e') in 0.046441 seconds
Number of updated asset objects reloaded before import = 0
Number of asset objects unloaded after import = 1093
========================================================================
Received Import Request.
  Time since last request: 9.253997 seconds.
  path: Assets/Resources/Prefabs/Core/GameManager.prefab
  artifactKey: Guid(fbc35e8a528367246bb0ff7587352555) Importer(815301076,1909f56bfc062723c751e8b465ee728b)
Start importing Assets/Resources/Prefabs/Core/GameManager.prefab using Guid(fbc35e8a528367246bb0ff7587352555) Importer(815301076,1909f56bfc062723c751e8b465ee728b) [PhysX] Initialized MultithreadedTaskDispatcher with 6 workers.
 -> (artifact id: '85cf0094873cca31f2495ae9c5a4eea3') in 0.047118 seconds
Number of updated asset objects reloaded before import = 0
Number of asset objects unloaded after import = 1093
========================================================================
Received Import Request.
  Time since last request: 3.814895 seconds.
  path: Assets/Resources/Prefabs/Core/GameManager.prefab
  artifactKey: Guid(fbc35e8a528367246bb0ff7587352555) Importer(815301076,1909f56bfc062723c751e8b465ee728b)
Start importing Assets/Resources/Prefabs/Core/GameManager.prefab using Guid(fbc35e8a528367246bb0ff7587352555) Importer(815301076,1909f56bfc062723c751e8b465ee728b) [PhysX] Initialized MultithreadedTaskDispatcher with 6 workers.
 -> (artifact id: 'a899531a5961f696c360fc8e9952cdb5') in 0.045744 seconds
Number of updated asset objects reloaded before import = 0
Number of asset objects unloaded after import = 1093
========================================================================
Received Import Request.
  Time since last request: 0.580156 seconds.
  path: Assets/Resources/Prefabs/Core/GameManager.prefab
  artifactKey: Guid(fbc35e8a528367246bb0ff7587352555) Importer(815301076,1909f56bfc062723c751e8b465ee728b)
Start importing Assets/Resources/Prefabs/Core/GameManager.prefab using Guid(fbc35e8a528367246bb0ff7587352555) Importer(815301076,1909f56bfc062723c751e8b465ee728b) [PhysX] Initialized MultithreadedTaskDispatcher with 6 workers.
 -> (artifact id: '29afb6f23e77549b9642c4e36528dcb0') in 0.046192 seconds
Number of updated asset objects reloaded before import = 0
Number of asset objects unloaded after import = 1093
========================================================================
Received Import Request.
  Time since last request: 1.180057 seconds.
  path: Assets/Resources/Prefabs/Core/GameManager.prefab
  artifactKey: Guid(fbc35e8a528367246bb0ff7587352555) Importer(815301076,1909f56bfc062723c751e8b465ee728b)
Start importing Assets/Resources/Prefabs/Core/GameManager.prefab using Guid(fbc35e8a528367246bb0ff7587352555) Importer(815301076,1909f56bfc062723c751e8b465ee728b) [PhysX] Initialized MultithreadedTaskDispatcher with 6 workers.
 -> (artifact id: '6cf404056871bc347820f53a931aaf7f') in 0.043330 seconds
Number of updated asset objects reloaded before import = 0
Number of asset objects unloaded after import = 1093
========================================================================
Received Import Request.
  Time since last request: 1.004332 seconds.
  path: Assets/Resources/Prefabs/Core/GameManager.prefab
  artifactKey: Guid(fbc35e8a528367246bb0ff7587352555) Importer(815301076,1909f56bfc062723c751e8b465ee728b)
Start importing Assets/Resources/Prefabs/Core/GameManager.prefab using Guid(fbc35e8a528367246bb0ff7587352555) Importer(815301076,1909f56bfc062723c751e8b465ee728b) [PhysX] Initialized MultithreadedTaskDispatcher with 6 workers.
 -> (artifact id: '5cc48e4a6a5af34ad1b44c80812c62a0') in 0.045632 seconds
Number of updated asset objects reloaded before import = 0
Number of asset objects unloaded after import = 1093
========================================================================
Received Import Request.
  Time since last request: 2.585425 seconds.
  path: Assets/Resources/Prefabs/Core/GameManager.prefab
  artifactKey: Guid(fbc35e8a528367246bb0ff7587352555) Importer(815301076,1909f56bfc062723c751e8b465ee728b)
Start importing Assets/Resources/Prefabs/Core/GameManager.prefab using Guid(fbc35e8a528367246bb0ff7587352555) Importer(815301076,1909f56bfc062723c751e8b465ee728b) [PhysX] Initialized MultithreadedTaskDispatcher with 6 workers.
 -> (artifact id: 'a11f5d7f3f21469eeba36b021a1d1604') in 0.047352 seconds
Number of updated asset objects reloaded before import = 0
Number of asset objects unloaded after import = 1093
========================================================================
Received Import Request.
  Time since last request: 9.559204 seconds.
  path: Assets/Resources/Prefabs/Core/GameManager.prefab
  artifactKey: Guid(fbc35e8a528367246bb0ff7587352555) Importer(815301076,1909f56bfc062723c751e8b465ee728b)
Start importing Assets/Resources/Prefabs/Core/GameManager.prefab using Guid(fbc35e8a528367246bb0ff7587352555) Importer(815301076,1909f56bfc062723c751e8b465ee728b) [PhysX] Initialized MultithreadedTaskDispatcher with 6 workers.
 -> (artifact id: '78eb2289956e17403603f4c728ac6360') in 0.045547 seconds
Number of updated asset objects reloaded before import = 0
Number of asset objects unloaded after import = 1093
========================================================================
Received Import Request.
  Time since last request: 5.234862 seconds.
  path: Assets/Resources/Prefabs/Core/GameManager.prefab
  artifactKey: Guid(fbc35e8a528367246bb0ff7587352555) Importer(815301076,1909f56bfc062723c751e8b465ee728b)
Start importing Assets/Resources/Prefabs/Core/GameManager.prefab using Guid(fbc35e8a528367246bb0ff7587352555) Importer(815301076,1909f56bfc062723c751e8b465ee728b) [PhysX] Initialized MultithreadedTaskDispatcher with 6 workers.
 -> (artifact id: '28f9fa0f644337bb9f5091baecc89be1') in 0.045962 seconds
Number of updated asset objects reloaded before import = 0
Number of asset objects unloaded after import = 1093
========================================================================
Received Import Request.
  Time since last request: 2.373204 seconds.
  path: Assets/Resources/Prefabs/Core/GameManager.prefab
  artifactKey: Guid(fbc35e8a528367246bb0ff7587352555) Importer(815301076,1909f56bfc062723c751e8b465ee728b)
Start importing Assets/Resources/Prefabs/Core/GameManager.prefab using Guid(fbc35e8a528367246bb0ff7587352555) Importer(815301076,1909f56bfc062723c751e8b465ee728b) [PhysX] Initialized MultithreadedTaskDispatcher with 6 workers.
 -> (artifact id: '179fe71c1ece100e8e1dbb2fe21c4650') in 0.047360 seconds
Number of updated asset objects reloaded before import = 0
Number of asset objects unloaded after import = 1093
========================================================================
Received Import Request.
  Time since last request: 9.849705 seconds.
  path: Assets/Resources/Prefabs/Core/GameManager.prefab
  artifactKey: Guid(fbc35e8a528367246bb0ff7587352555) Importer(815301076,1909f56bfc062723c751e8b465ee728b)
Start importing Assets/Resources/Prefabs/Core/GameManager.prefab using Guid(fbc35e8a528367246bb0ff7587352555) Importer(815301076,1909f56bfc062723c751e8b465ee728b) [PhysX] Initialized MultithreadedTaskDispatcher with 6 workers.
 -> (artifact id: 'fe988fcbc0a3c633d4ef879a0d2a649e') in 0.047063 seconds
Number of updated asset objects reloaded before import = 0
Number of asset objects unloaded after import = 1093
========================================================================
Received Import Request.
  Time since last request: 1.776788 seconds.
  path: Assets/Resources/Prefabs/Core/GameManager.prefab
  artifactKey: Guid(fbc35e8a528367246bb0ff7587352555) Importer(815301076,1909f56bfc062723c751e8b465ee728b)
Start importing Assets/Resources/Prefabs/Core/GameManager.prefab using Guid(fbc35e8a528367246bb0ff7587352555) Importer(815301076,1909f56bfc062723c751e8b465ee728b) [PhysX] Initialized MultithreadedTaskDispatcher with 6 workers.
 -> (artifact id: 'f6551db4961e36ec120e071985563f1a') in 0.058582 seconds
Number of updated asset objects reloaded before import = 0
Number of asset objects unloaded after import = 1093
========================================================================
Received Import Request.
  Time since last request: 7.878193 seconds.
  path: Assets/Resources/Prefabs/Core/GameManager.prefab
  artifactKey: Guid(fbc35e8a528367246bb0ff7587352555) Importer(815301076,1909f56bfc062723c751e8b465ee728b)
Start importing Assets/Resources/Prefabs/Core/GameManager.prefab using Guid(fbc35e8a528367246bb0ff7587352555) Importer(815301076,1909f56bfc062723c751e8b465ee728b) [PhysX] Initialized MultithreadedTaskDispatcher with 6 workers.
 -> (artifact id: '157cf195fd8bcee3abcc6bcfccefbdbc') in 0.046506 seconds
Number of updated asset objects reloaded before import = 0
Number of asset objects unloaded after import = 1093
========================================================================
Received Import Request.
  Time since last request: 8.465951 seconds.
  path: Assets/Resources/Prefabs/Core/GameManager.prefab
  artifactKey: Guid(fbc35e8a528367246bb0ff7587352555) Importer(815301076,1909f56bfc062723c751e8b465ee728b)
Start importing Assets/Resources/Prefabs/Core/GameManager.prefab using Guid(fbc35e8a528367246bb0ff7587352555) Importer(815301076,1909f56bfc062723c751e8b465ee728b) [PhysX] Initialized MultithreadedTaskDispatcher with 6 workers.
 -> (artifact id: '1c53775993c5b499f7794a14fe2d41a3') in 0.047876 seconds
Number of updated asset objects reloaded before import = 0
Number of asset objects unloaded after import = 1093
========================================================================
Received Import Request.
  Time since last request: 8.538406 seconds.
  path: Assets/Resources/Prefabs/Core/GameManager.prefab
  artifactKey: Guid(fbc35e8a528367246bb0ff7587352555) Importer(815301076,1909f56bfc062723c751e8b465ee728b)
Start importing Assets/Resources/Prefabs/Core/GameManager.prefab using Guid(fbc35e8a528367246bb0ff7587352555) Importer(815301076,1909f56bfc062723c751e8b465ee728b) [PhysX] Initialized MultithreadedTaskDispatcher with 6 workers.
 -> (artifact id: '83e0a0a8103710bf97e4acbae8c66666') in 0.041735 seconds
Number of updated asset objects reloaded before import = 0
Number of asset objects unloaded after import = 1097
========================================================================
Received Import Request.
  Time since last request: 3.595693 seconds.
  path: Assets/Resources/Prefabs/Core/GameManager.prefab
  artifactKey: Guid(fbc35e8a528367246bb0ff7587352555) Importer(815301076,1909f56bfc062723c751e8b465ee728b)
Start importing Assets/Resources/Prefabs/Core/GameManager.prefab using Guid(fbc35e8a528367246bb0ff7587352555) Importer(815301076,1909f56bfc062723c751e8b465ee728b) [PhysX] Initialized MultithreadedTaskDispatcher with 6 workers.
 -> (artifact id: 'd43e70e054a49656619eeac7a0568c5c') in 0.046928 seconds
Number of updated asset objects reloaded before import = 0
Number of asset objects unloaded after import = 1097
========================================================================
Received Import Request.
  Time since last request: 2.800745 seconds.
  path: Assets/Resources/Prefabs/Core/GameManager.prefab
  artifactKey: Guid(fbc35e8a528367246bb0ff7587352555) Importer(815301076,1909f56bfc062723c751e8b465ee728b)
Start importing Assets/Resources/Prefabs/Core/GameManager.prefab using Guid(fbc35e8a528367246bb0ff7587352555) Importer(815301076,1909f56bfc062723c751e8b465ee728b) [PhysX] Initialized MultithreadedTaskDispatcher with 6 workers.
 -> (artifact id: '4bd0321f5334538236d231c3b359a6ef') in 0.048822 seconds
Number of updated asset objects reloaded before import = 0
Number of asset objects unloaded after import = 1097
========================================================================
Received Import Request.
  Time since last request: 3.594135 seconds.
  path: Assets/Resources/Prefabs/Core/GameManager.prefab
  artifactKey: Guid(fbc35e8a528367246bb0ff7587352555) Importer(815301076,1909f56bfc062723c751e8b465ee728b)
Start importing Assets/Resources/Prefabs/Core/GameManager.prefab using Guid(fbc35e8a528367246bb0ff7587352555) Importer(815301076,1909f56bfc062723c751e8b465ee728b) [PhysX] Initialized MultithreadedTaskDispatcher with 6 workers.
 -> (artifact id: 'f21eea1112cebdf2b5a726bfaf6820e0') in 0.045759 seconds
Number of updated asset objects reloaded before import = 0
Number of asset objects unloaded after import = 1097
========================================================================
Received Import Request.
  Time since last request: 3.825292 seconds.
  path: Assets/Resources/Prefabs/Core/GameManager.prefab
  artifactKey: Guid(fbc35e8a528367246bb0ff7587352555) Importer(815301076,1909f56bfc062723c751e8b465ee728b)
Start importing Assets/Resources/Prefabs/Core/GameManager.prefab using Guid(fbc35e8a528367246bb0ff7587352555) Importer(815301076,1909f56bfc062723c751e8b465ee728b) [PhysX] Initialized MultithreadedTaskDispatcher with 6 workers.
 -> (artifact id: 'bc4c9d2178821763fd69aeda3d080348') in 0.046414 seconds
Number of updated asset objects reloaded before import = 0
Number of asset objects unloaded after import = 1097
========================================================================
Received Import Request.
  Time since last request: 2.787760 seconds.
  path: Assets/Resources/Prefabs/Core/GameManager.prefab
  artifactKey: Guid(fbc35e8a528367246bb0ff7587352555) Importer(815301076,1909f56bfc062723c751e8b465ee728b)
Start importing Assets/Resources/Prefabs/Core/GameManager.prefab using Guid(fbc35e8a528367246bb0ff7587352555) Importer(815301076,1909f56bfc062723c751e8b465ee728b) [PhysX] Initialized MultithreadedTaskDispatcher with 6 workers.
 -> (artifact id: 'a37e0e1aa4379a97fcec2d5e44d6ce35') in 0.045158 seconds
Number of updated asset objects reloaded before import = 0
Number of asset objects unloaded after import = 1097
========================================================================
Received Import Request.
  Time since last request: 2.619915 seconds.
  path: Assets/Resources/Prefabs/Core/GameManager.prefab
  artifactKey: Guid(fbc35e8a528367246bb0ff7587352555) Importer(815301076,1909f56bfc062723c751e8b465ee728b)
Start importing Assets/Resources/Prefabs/Core/GameManager.prefab using Guid(fbc35e8a528367246bb0ff7587352555) Importer(815301076,1909f56bfc062723c751e8b465ee728b) [PhysX] Initialized MultithreadedTaskDispatcher with 6 workers.
 -> (artifact id: 'e65adb4f1d172434d004afd24ce6bc30') in 0.044505 seconds
Number of updated asset objects reloaded before import = 0
Number of asset objects unloaded after import = 1097
========================================================================
Received Import Request.
  Time since last request: 4.207396 seconds.
  path: Assets/Resources/Prefabs/Core/GameManager.prefab
  artifactKey: Guid(fbc35e8a528367246bb0ff7587352555) Importer(815301076,1909f56bfc062723c751e8b465ee728b)
Start importing Assets/Resources/Prefabs/Core/GameManager.prefab using Guid(fbc35e8a528367246bb0ff7587352555) Importer(815301076,1909f56bfc062723c751e8b465ee728b) [PhysX] Initialized MultithreadedTaskDispatcher with 6 workers.
 -> (artifact id: '53134013c46545f6f067ff9cbd40bdd5') in 0.046914 seconds
Number of updated asset objects reloaded before import = 0
Number of asset objects unloaded after import = 1097
========================================================================
Received Import Request.
  Time since last request: 1.968427 seconds.
  path: Assets/Resources/Prefabs/Core/GameManager.prefab
  artifactKey: Guid(fbc35e8a528367246bb0ff7587352555) Importer(815301076,1909f56bfc062723c751e8b465ee728b)
Start importing Assets/Resources/Prefabs/Core/GameManager.prefab using Guid(fbc35e8a528367246bb0ff7587352555) Importer(815301076,1909f56bfc062723c751e8b465ee728b) [PhysX] Initialized MultithreadedTaskDispatcher with 6 workers.
 -> (artifact id: '038828421c8cab34916dc40e30594988') in 0.047654 seconds
Number of updated asset objects reloaded before import = 0
Number of asset objects unloaded after import = 1097
========================================================================
Received Import Request.
  Time since last request: 3.182794 seconds.
  path: Assets/Resources/Prefabs/Core/GameManager.prefab
  artifactKey: Guid(fbc35e8a528367246bb0ff7587352555) Importer(815301076,1909f56bfc062723c751e8b465ee728b)
Start importing Assets/Resources/Prefabs/Core/GameManager.prefab using Guid(fbc35e8a528367246bb0ff7587352555) Importer(815301076,1909f56bfc062723c751e8b465ee728b) [PhysX] Initialized MultithreadedTaskDispatcher with 6 workers.
 -> (artifact id: 'f41e37caed5e26cda94f6c38bc7e2ebd') in 0.048424 seconds
Number of updated asset objects reloaded before import = 0
Number of asset objects unloaded after import = 1097
========================================================================
Received Import Request.
  Time since last request: 13.070031 seconds.
  path: Assets/Resources/Prefabs/Core/GameManager.prefab
  artifactKey: Guid(fbc35e8a528367246bb0ff7587352555) Importer(815301076,1909f56bfc062723c751e8b465ee728b)
Start importing Assets/Resources/Prefabs/Core/GameManager.prefab using Guid(fbc35e8a528367246bb0ff7587352555) Importer(815301076,1909f56bfc062723c751e8b465ee728b) [PhysX] Initialized MultithreadedTaskDispatcher with 6 workers.
 -> (artifact id: '131117473b5f4a2747ccf3d0060c3f5c') in 0.044231 seconds
Number of updated asset objects reloaded before import = 0
Number of asset objects unloaded after import = 1097
========================================================================
Received Import Request.
  Time since last request: 24.068530 seconds.
  path: Assets/Resources/Prefabs/Core/GameManager.prefab
  artifactKey: Guid(fbc35e8a528367246bb0ff7587352555) Importer(815301076,1909f56bfc062723c751e8b465ee728b)
Start importing Assets/Resources/Prefabs/Core/GameManager.prefab using Guid(fbc35e8a528367246bb0ff7587352555) Importer(815301076,1909f56bfc062723c751e8b465ee728b) [PhysX] Initialized MultithreadedTaskDispatcher with 6 workers.
 -> (artifact id: '88c80673828a182380cc819c189dbdb6') in 0.043720 seconds
Number of updated asset objects reloaded before import = 0
Number of asset objects unloaded after import = 1097
========================================================================
Received Import Request.
  Time since last request: 3.396956 seconds.
  path: Assets/Resources/Prefabs/Core/GameManager.prefab
  artifactKey: Guid(fbc35e8a528367246bb0ff7587352555) Importer(815301076,1909f56bfc062723c751e8b465ee728b)
Start importing Assets/Resources/Prefabs/Core/GameManager.prefab using Guid(fbc35e8a528367246bb0ff7587352555) Importer(815301076,1909f56bfc062723c751e8b465ee728b) [PhysX] Initialized MultithreadedTaskDispatcher with 6 workers.
 -> (artifact id: '7c5c5f06e090e637614df97fd1d404c1') in 0.042028 seconds
Number of updated asset objects reloaded before import = 0
Number of asset objects unloaded after import = 1097
========================================================================
Received Import Request.
  Time since last request: 1.377704 seconds.
  path: Assets/Resources/Prefabs/Core/GameManager.prefab
  artifactKey: Guid(fbc35e8a528367246bb0ff7587352555) Importer(815301076,1909f56bfc062723c751e8b465ee728b)
Start importing Assets/Resources/Prefabs/Core/GameManager.prefab using Guid(fbc35e8a528367246bb0ff7587352555) Importer(815301076,1909f56bfc062723c751e8b465ee728b) [PhysX] Initialized MultithreadedTaskDispatcher with 6 workers.
 -> (artifact id: '5f750b244a39cfe84f03c5f6bf5ea57b') in 0.042232 seconds
Number of updated asset objects reloaded before import = 0
Number of asset objects unloaded after import = 1097
========================================================================
Received Import Request.
  Time since last request: 4.835429 seconds.
  path: Assets/Resources/Prefabs/Core/GameManager.prefab
  artifactKey: Guid(fbc35e8a528367246bb0ff7587352555) Importer(815301076,1909f56bfc062723c751e8b465ee728b)
Start importing Assets/Resources/Prefabs/Core/GameManager.prefab using Guid(fbc35e8a528367246bb0ff7587352555) Importer(815301076,1909f56bfc062723c751e8b465ee728b) [PhysX] Initialized MultithreadedTaskDispatcher with 6 workers.
 -> (artifact id: 'f3b3f76aa2e929bf5a88e46f8b25f658') in 0.048625 seconds
Number of updated asset objects reloaded before import = 0
Number of asset objects unloaded after import = 1097
========================================================================
Received Import Request.
  Time since last request: 1.357497 seconds.
  path: Assets/Resources/Prefabs/Core/GameManager.prefab
  artifactKey: Guid(fbc35e8a528367246bb0ff7587352555) Importer(815301076,1909f56bfc062723c751e8b465ee728b)
Start importing Assets/Resources/Prefabs/Core/GameManager.prefab using Guid(fbc35e8a528367246bb0ff7587352555) Importer(815301076,1909f56bfc062723c751e8b465ee728b) [PhysX] Initialized MultithreadedTaskDispatcher with 6 workers.
 -> (artifact id: '3f67621e8c5b690717a373f162bb27d8') in 0.044657 seconds
Number of updated asset objects reloaded before import = 0
Number of asset objects unloaded after import = 1097
========================================================================
Received Import Request.
  Time since last request: 2.790196 seconds.
  path: Assets/Resources/Prefabs/Core/GameManager.prefab
  artifactKey: Guid(fbc35e8a528367246bb0ff7587352555) Importer(815301076,1909f56bfc062723c751e8b465ee728b)
Start importing Assets/Resources/Prefabs/Core/GameManager.prefab using Guid(fbc35e8a528367246bb0ff7587352555) Importer(815301076,1909f56bfc062723c751e8b465ee728b) [PhysX] Initialized MultithreadedTaskDispatcher with 6 workers.
 -> (artifact id: '56e7c8c120ec414424546c4ef05effba') in 0.047107 seconds
Number of updated asset objects reloaded before import = 0
Number of asset objects unloaded after import = 1097
========================================================================
Received Import Request.
  Time since last request: 39.206889 seconds.
  path: Assets/Resources/Prefabs/Core/GameManager.prefab
  artifactKey: Guid(fbc35e8a528367246bb0ff7587352555) Importer(815301076,1909f56bfc062723c751e8b465ee728b)
Start importing Assets/Resources/Prefabs/Core/GameManager.prefab using Guid(fbc35e8a528367246bb0ff7587352555) Importer(815301076,1909f56bfc062723c751e8b465ee728b) [PhysX] Initialized MultithreadedTaskDispatcher with 6 workers.
 -> (artifact id: '130545ace8222970ea183663109049a6') in 0.046164 seconds
Number of updated asset objects reloaded before import = 0
Number of asset objects unloaded after import = 1097
========================================================================
Received Import Request.
  Time since last request: 7.655075 seconds.
  path: Assets/Resources/Prefabs/Core/GameManager.prefab
  artifactKey: Guid(fbc35e8a528367246bb0ff7587352555) Importer(815301076,1909f56bfc062723c751e8b465ee728b)
Start importing Assets/Resources/Prefabs/Core/GameManager.prefab using Guid(fbc35e8a528367246bb0ff7587352555) Importer(815301076,1909f56bfc062723c751e8b465ee728b) [PhysX] Initialized MultithreadedTaskDispatcher with 6 workers.
 -> (artifact id: '15975e7620678578864f96ea6289e078') in 0.046613 seconds
Number of updated asset objects reloaded before import = 0
Number of asset objects unloaded after import = 1097
========================================================================
Received Import Request.
  Time since last request: 1.977488 seconds.
  path: Assets/Resources/Prefabs/Core/GameManager.prefab
  artifactKey: Guid(fbc35e8a528367246bb0ff7587352555) Importer(815301076,1909f56bfc062723c751e8b465ee728b)
Start importing Assets/Resources/Prefabs/Core/GameManager.prefab using Guid(fbc35e8a528367246bb0ff7587352555) Importer(815301076,1909f56bfc062723c751e8b465ee728b) [PhysX] Initialized MultithreadedTaskDispatcher with 6 workers.
 -> (artifact id: 'ce72a8ca18d78948e9393db15124e5e3') in 0.047195 seconds
Number of updated asset objects reloaded before import = 0
Number of asset objects unloaded after import = 1097
========================================================================
Received Import Request.
  Time since last request: 6.007175 seconds.
  path: Assets/Resources/Prefabs/Core/GameManager.prefab
  artifactKey: Guid(fbc35e8a528367246bb0ff7587352555) Importer(815301076,1909f56bfc062723c751e8b465ee728b)
Start importing Assets/Resources/Prefabs/Core/GameManager.prefab using Guid(fbc35e8a528367246bb0ff7587352555) Importer(815301076,1909f56bfc062723c751e8b465ee728b) [PhysX] Initialized MultithreadedTaskDispatcher with 6 workers.
 -> (artifact id: '65d108ffcd5327130418b0705ebd9edb') in 0.046891 seconds
Number of updated asset objects reloaded before import = 0
Number of asset objects unloaded after import = 1097
========================================================================
Received Import Request.
  Time since last request: 2.787464 seconds.
  path: Assets/Resources/Prefabs/Core/GameManager.prefab
  artifactKey: Guid(fbc35e8a528367246bb0ff7587352555) Importer(815301076,1909f56bfc062723c751e8b465ee728b)
Start importing Assets/Resources/Prefabs/Core/GameManager.prefab using Guid(fbc35e8a528367246bb0ff7587352555) Importer(815301076,1909f56bfc062723c751e8b465ee728b) [PhysX] Initialized MultithreadedTaskDispatcher with 6 workers.
 -> (artifact id: '0777c148f1461806ad4839da7cb2e5d4') in 0.048626 seconds
Number of updated asset objects reloaded before import = 0
Number of asset objects unloaded after import = 1097
========================================================================
Received Import Request.
  Time since last request: 6.012856 seconds.
  path: Assets/Resources/Prefabs/Core/GameManager.prefab
  artifactKey: Guid(fbc35e8a528367246bb0ff7587352555) Importer(815301076,1909f56bfc062723c751e8b465ee728b)
Start importing Assets/Resources/Prefabs/Core/GameManager.prefab using Guid(fbc35e8a528367246bb0ff7587352555) Importer(815301076,1909f56bfc062723c751e8b465ee728b) [PhysX] Initialized MultithreadedTaskDispatcher with 6 workers.
 -> (artifact id: '54453d08167c3d3c6fafbb84d217bc8a') in 0.047155 seconds
Number of updated asset objects reloaded before import = 0
Number of asset objects unloaded after import = 1097
========================================================================
Received Import Request.
  Time since last request: 2.367076 seconds.
  path: Assets/Resources/Prefabs/Core/GameManager.prefab
  artifactKey: Guid(fbc35e8a528367246bb0ff7587352555) Importer(815301076,1909f56bfc062723c751e8b465ee728b)
Start importing Assets/Resources/Prefabs/Core/GameManager.prefab using Guid(fbc35e8a528367246bb0ff7587352555) Importer(815301076,1909f56bfc062723c751e8b465ee728b) [PhysX] Initialized MultithreadedTaskDispatcher with 6 workers.
 -> (artifact id: '6c885514f4338dfbab95a4cf416c3801') in 0.046373 seconds
Number of updated asset objects reloaded before import = 0
Number of asset objects unloaded after import = 1097
========================================================================
Received Import Request.
  Time since last request: 7.180647 seconds.
  path: Assets/Resources/Prefabs/Core/GameManager.prefab
  artifactKey: Guid(fbc35e8a528367246bb0ff7587352555) Importer(815301076,1909f56bfc062723c751e8b465ee728b)
Start importing Assets/Resources/Prefabs/Core/GameManager.prefab using Guid(fbc35e8a528367246bb0ff7587352555) Importer(815301076,1909f56bfc062723c751e8b465ee728b) [PhysX] Initialized MultithreadedTaskDispatcher with 6 workers.
 -> (artifact id: '2c1fdd8ae1ae7380d5daee9633237e81') in 0.045206 seconds
Number of updated asset objects reloaded before import = 0
Number of asset objects unloaded after import = 1101
========================================================================
Received Import Request.
  Time since last request: 3.786830 seconds.
  path: Assets/Resources/Prefabs/Core/GameManager.prefab
  artifactKey: Guid(fbc35e8a528367246bb0ff7587352555) Importer(815301076,1909f56bfc062723c751e8b465ee728b)
Start importing Assets/Resources/Prefabs/Core/GameManager.prefab using Guid(fbc35e8a528367246bb0ff7587352555) Importer(815301076,1909f56bfc062723c751e8b465ee728b) [PhysX] Initialized MultithreadedTaskDispatcher with 6 workers.
 -> (artifact id: '8af7117b7b194c3ed452e2914931925e') in 0.046032 seconds
Number of updated asset objects reloaded before import = 0
Number of asset objects unloaded after import = 1101
========================================================================
Received Import Request.
  Time since last request: 1.981088 seconds.
  path: Assets/Resources/Prefabs/Core/GameManager.prefab
  artifactKey: Guid(fbc35e8a528367246bb0ff7587352555) Importer(815301076,1909f56bfc062723c751e8b465ee728b)
Start importing Assets/Resources/Prefabs/Core/GameManager.prefab using Guid(fbc35e8a528367246bb0ff7587352555) Importer(815301076,1909f56bfc062723c751e8b465ee728b) [PhysX] Initialized MultithreadedTaskDispatcher with 6 workers.
 -> (artifact id: '7eedcb877d4b539ab870dd01fac7f80f') in 0.048961 seconds
Number of updated asset objects reloaded before import = 0
Number of asset objects unloaded after import = 1101
========================================================================
Received Import Request.
  Time since last request: 3.785245 seconds.
  path: Assets/Resources/Prefabs/Core/GameManager.prefab
  artifactKey: Guid(fbc35e8a528367246bb0ff7587352555) Importer(815301076,1909f56bfc062723c751e8b465ee728b)
Start importing Assets/Resources/Prefabs/Core/GameManager.prefab using Guid(fbc35e8a528367246bb0ff7587352555) Importer(815301076,1909f56bfc062723c751e8b465ee728b) [PhysX] Initialized MultithreadedTaskDispatcher with 6 workers.
 -> (artifact id: 'b8fc8442a6037db342e3ff6bcfad5461') in 0.045309 seconds
Number of updated asset objects reloaded before import = 0
Number of asset objects unloaded after import = 1101
========================================================================
Received Import Request.
  Time since last request: 3.386855 seconds.
  path: Assets/Resources/Prefabs/Core/GameManager.prefab
  artifactKey: Guid(fbc35e8a528367246bb0ff7587352555) Importer(815301076,1909f56bfc062723c751e8b465ee728b)
Start importing Assets/Resources/Prefabs/Core/GameManager.prefab using Guid(fbc35e8a528367246bb0ff7587352555) Importer(815301076,1909f56bfc062723c751e8b465ee728b) [PhysX] Initialized MultithreadedTaskDispatcher with 6 workers.
 -> (artifact id: 'e3065e9b48d94951937546bf091f7216') in 0.045559 seconds
Number of updated asset objects reloaded before import = 0
Number of asset objects unloaded after import = 1101
========================================================================
Received Import Request.
  Time since last request: 0.576338 seconds.
  path: Assets/Resources/Prefabs/Core/GameManager.prefab
  artifactKey: Guid(fbc35e8a528367246bb0ff7587352555) Importer(815301076,1909f56bfc062723c751e8b465ee728b)
Start importing Assets/Resources/Prefabs/Core/GameManager.prefab using Guid(fbc35e8a528367246bb0ff7587352555) Importer(815301076,1909f56bfc062723c751e8b465ee728b) [PhysX] Initialized MultithreadedTaskDispatcher with 6 workers.
 -> (artifact id: '8c4a1d928ff48658a0ca46766c21165c') in 0.044583 seconds
Number of updated asset objects reloaded before import = 0
Number of asset objects unloaded after import = 1101
========================================================================
Received Import Request.
  Time since last request: 5.401738 seconds.
  path: Assets/Resources/Prefabs/Core/GameManager.prefab
  artifactKey: Guid(fbc35e8a528367246bb0ff7587352555) Importer(815301076,1909f56bfc062723c751e8b465ee728b)
Start importing Assets/Resources/Prefabs/Core/GameManager.prefab using Guid(fbc35e8a528367246bb0ff7587352555) Importer(815301076,1909f56bfc062723c751e8b465ee728b) [PhysX] Initialized MultithreadedTaskDispatcher with 6 workers.
 -> (artifact id: '1d346ba02b57742010e565395c74d70a') in 0.044456 seconds
Number of updated asset objects reloaded before import = 0
Number of asset objects unloaded after import = 1101
========================================================================
Received Import Request.
  Time since last request: 1.168050 seconds.
  path: Assets/Resources/Prefabs/Core/GameManager.prefab
  artifactKey: Guid(fbc35e8a528367246bb0ff7587352555) Importer(815301076,1909f56bfc062723c751e8b465ee728b)
Start importing Assets/Resources/Prefabs/Core/GameManager.prefab using Guid(fbc35e8a528367246bb0ff7587352555) Importer(815301076,1909f56bfc062723c751e8b465ee728b) [PhysX] Initialized MultithreadedTaskDispatcher with 6 workers.
 -> (artifact id: 'aad34f107a9481626eb8c59dbf7faa68') in 0.044182 seconds
Number of updated asset objects reloaded before import = 0
Number of asset objects unloaded after import = 1101
========================================================================
Received Import Request.
  Time since last request: 10.716949 seconds.
  path: Assets/Resources/Prefabs/Core/GameManager.prefab
  artifactKey: Guid(fbc35e8a528367246bb0ff7587352555) Importer(815301076,1909f56bfc062723c751e8b465ee728b)
Start importing Assets/Resources/Prefabs/Core/GameManager.prefab using Guid(fbc35e8a528367246bb0ff7587352555) Importer(815301076,1909f56bfc062723c751e8b465ee728b) [PhysX] Initialized MultithreadedTaskDispatcher with 6 workers.
 -> (artifact id: '54ac07db6c9a027ec4012872ca8e24f6') in 0.045364 seconds
Number of updated asset objects reloaded before import = 0
Number of asset objects unloaded after import = 1101
========================================================================
Received Import Request.
  Time since last request: 7.216043 seconds.
  path: Assets/Resources/Prefabs/Core/GameManager.prefab
  artifactKey: Guid(fbc35e8a528367246bb0ff7587352555) Importer(815301076,1909f56bfc062723c751e8b465ee728b)
Start importing Assets/Resources/Prefabs/Core/GameManager.prefab using Guid(fbc35e8a528367246bb0ff7587352555) Importer(815301076,1909f56bfc062723c751e8b465ee728b) [PhysX] Initialized MultithreadedTaskDispatcher with 6 workers.
 -> (artifact id: '31ae29ba369eb9614dcef4271bf5a5b7') in 0.047183 seconds
Number of updated asset objects reloaded before import = 0
Number of asset objects unloaded after import = 1101
========================================================================
Received Import Request.
  Time since last request: 1.387703 seconds.
  path: Assets/Resources/Prefabs/Core/GameManager.prefab
  artifactKey: Guid(fbc35e8a528367246bb0ff7587352555) Importer(815301076,1909f56bfc062723c751e8b465ee728b)
Start importing Assets/Resources/Prefabs/Core/GameManager.prefab using Guid(fbc35e8a528367246bb0ff7587352555) Importer(815301076,1909f56bfc062723c751e8b465ee728b) [PhysX] Initialized MultithreadedTaskDispatcher with 6 workers.
 -> (artifact id: 'd04efdc68a2d814fdadeabf807d802ac') in 0.054357 seconds
Number of updated asset objects reloaded before import = 0
Number of asset objects unloaded after import = 1101
========================================================================
Received Import Request.
  Time since last request: 6.999187 seconds.
  path: Assets/Resources/Prefabs/Core/GameManager.prefab
  artifactKey: Guid(fbc35e8a528367246bb0ff7587352555) Importer(815301076,1909f56bfc062723c751e8b465ee728b)
Start importing Assets/Resources/Prefabs/Core/GameManager.prefab using Guid(fbc35e8a528367246bb0ff7587352555) Importer(815301076,1909f56bfc062723c751e8b465ee728b) [PhysX] Initialized MultithreadedTaskDispatcher with 6 workers.
 -> (artifact id: 'ad093e2f86982c2113be5da09b5a69e3') in 0.046439 seconds
Number of updated asset objects reloaded before import = 0
Number of asset objects unloaded after import = 1101
========================================================================
Received Import Request.
  Time since last request: 3.791294 seconds.
  path: Assets/Resources/Prefabs/Core/GameManager.prefab
  artifactKey: Guid(fbc35e8a528367246bb0ff7587352555) Importer(815301076,1909f56bfc062723c751e8b465ee728b)
Start importing Assets/Resources/Prefabs/Core/GameManager.prefab using Guid(fbc35e8a528367246bb0ff7587352555) Importer(815301076,1909f56bfc062723c751e8b465ee728b) [PhysX] Initialized MultithreadedTaskDispatcher with 6 workers.
 -> (artifact id: '01ade64c2ff06d2caec793e3e2e4aa69') in 0.045148 seconds
Number of updated asset objects reloaded before import = 0
Number of asset objects unloaded after import = 1101
